2021:11:18 13:04:02.300 [main] INFO  c.p.G.GgDriveCloneApplication.logStarting(55) - Starting GgDriveCloneApplication using Java 11.0.4 on RB064 with PID 11508 (C:\Users\SomeOne\Desktop\GGDriveClone\target\classes started by Nguyen Van Hoang in C:\Users\SomeOne\Desktop\GGDriveClone) 
2021:11:18 13:04:02.307 [main] INFO  c.p.G.GgDriveCloneApplication.logStartupProfileInfo(659) - No active profile set, falling back to default profiles: default 
2021:11:18 13:04:08.280 [main] INFO  o.s.d.r.c.RepositoryConfigurationDelegate.registerRepositoriesIn(132) - Bootstrapping Spring Data JPA repositories in DEFAULT mode. 
2021:11:18 13:04:08.679 [main] INFO  o.s.d.r.c.RepositoryConfigurationDelegate.registerRepositoriesIn(201) - Finished Spring Data repository scanning in 287 ms. Found 1 JPA repository interfaces. 
2021:11:18 13:04:11.054 [main] INFO  o.s.b.w.e.tomcat.TomcatWebServer.initialize(108) - Tomcat initialized with port(s): 6969 (http) 
2021:11:18 13:04:11.114 [main] INFO  o.a.coyote.http11.Http11NioProtocol.log(173) - Initializing ProtocolHandler ["http-nio-6969"] 
2021:11:18 13:04:11.117 [main] INFO  o.a.catalina.core.StandardService.log(173) - Starting service [Tomcat] 
2021:11:18 13:04:11.118 [main] INFO  o.a.catalina.core.StandardEngine.log(173) - Starting Servlet engine: [Apache Tomcat/9.0.54] 
2021:11:18 13:04:11.391 [main] INFO  o.a.c.c.C.[Tomcat].[localhost].[/].log(173) - Initializing Spring embedded WebApplicationContext 
2021:11:18 13:04:11.391 [main] INFO  o.s.b.w.s.c.ServletWebServerApplicationContext.prepareWebApplicationContext(290) - Root WebApplicationContext: initialization completed in 8945 ms 
2021:11:18 13:04:11.832 [main] INFO  com.zaxxer.hikari.HikariDataSource.getConnection(110) - HikariPool-1 - Starting... 
2021:11:18 13:04:11.849 [main] WARN  c.z.hikari.util.DriverDataSource.<init>(70) - Registered driver with driverClassName=com.mysql.jdbc.Driver was not found, trying direct instantiation. 
2021:11:18 13:04:12.414 [main] INFO  com.zaxxer.hikari.HikariDataSource.getConnection(123) - HikariPool-1 - Start completed. 
2021:11:18 13:04:13.379 [main] INFO  liquibase.lockservice.log(23) - Successfully acquired change log lock 
2021:11:18 13:04:14.208 [main] INFO  liquibase.changelog.log(23) - Reading from springboot_rabiloo.DATABASECHANGELOG 
2021:11:18 13:04:14.277 [main] INFO  liquibase.lockservice.log(23) - Successfully released change log lock 
2021:11:18 13:04:14.282 [main] INFO  liquibase.lockservice.log(23) - Successfully acquired change log lock 
2021:11:18 13:04:14.283 [main] WARN  liquibase.hub.log(23) - Skipping auto-registration 
2021:11:18 13:04:14.292 [main] INFO  liquibase.lockservice.log(23) - Successfully released change log lock 
2021:11:18 13:04:14.858 [main] INFO  o.h.jpa.internal.util.LogHelper.logPersistenceUnitInformation(31) - HHH000204: Processing PersistenceUnitInfo [name: default] 
2021:11:18 13:04:14.978 [main] INFO  org.hibernate.Version.logVersion(44) - HHH000412: Hibernate ORM core version 5.4.32.Final 
2021:11:18 13:04:15.398 [main] INFO  o.h.annotations.common.Version.<clinit>(56) - HCANN000001: Hibernate Commons Annotations {5.1.2.Final} 
2021:11:18 13:04:15.692 [main] INFO  org.hibernate.dialect.Dialect.<init>(175) - HHH000400: Using dialect: org.hibernate.dialect.MySQL57Dialect 
2021:11:18 13:04:17.046 [main] INFO  o.h.e.t.j.p.i.JtaPlatformInitiator.initiateService(52) - HHH000490: Using JtaPlatform implementation: [org.hibernate.engine.transaction.jta.platform.internal.NoJtaPlatform] 
2021:11:18 13:04:17.079 [main] INFO  o.s.o.j.LocalContainerEntityManagerFactoryBean.buildNativeEntityManagerFactory(437) - Initialized JPA EntityManagerFactory for persistence unit 'default' 
2021:11:18 13:04:17.793 [main] WARN  o.s.b.a.o.j.JpaBaseConfiguration$JpaWebConfiguration.openEntityManagerInViewInterceptor(219) - spring.jpa.open-in-view is enabled by default. Therefore, database queries may be performed during view rendering. Explicitly configure spring.jpa.open-in-view to disable this warning 
2021:11:18 13:04:18.057 [main] INFO  c.p.G.security.SecurityConfig.configure(42) - Enable application security. 
2021:11:18 13:04:18.082 [main] INFO  o.s.s.web.DefaultSecurityFilterChain.<init>(51) - Will secure Ant [pattern='/libs/**'] with [] 
2021:11:18 13:04:18.082 [main] INFO  o.s.s.web.DefaultSecurityFilterChain.<init>(51) - Will secure Ant [pattern='/static/custom/**'] with [] 
2021:11:18 13:04:18.083 [main] INFO  o.s.s.web.DefaultSecurityFilterChain.<init>(51) - Will secure Ant [pattern='/js/**'] with [] 
2021:11:18 13:04:18.084 [main] INFO  o.s.s.web.DefaultSecurityFilterChain.<init>(51) - Will secure Ant [pattern='/icon/**'] with [] 
2021:11:18 13:04:18.084 [main] INFO  o.s.s.web.DefaultSecurityFilterChain.<init>(51) - Will secure Ant [pattern='/images/**'] with [] 
2021:11:18 13:04:18.084 [main] INFO  o.s.s.web.DefaultSecurityFilterChain.<init>(51) - Will secure Ant [pattern='/favicon.ico/**'] with [] 
2021:11:18 13:04:18.085 [main] INFO  o.s.s.web.DefaultSecurityFilterChain.<init>(51) - Will secure Ant [pattern='/webjars/springfox-swagger-ui/**'] with [] 
2021:11:18 13:04:18.085 [main] INFO  o.s.s.web.DefaultSecurityFilterChain.<init>(51) - Will secure Ant [pattern='/swagger-ui.html/**'] with [] 
2021:11:18 13:04:18.085 [main] INFO  o.s.s.web.DefaultSecurityFilterChain.<init>(51) - Will secure Ant [pattern='/swagger-resources/**'] with [] 
2021:11:18 13:04:18.085 [main] INFO  o.s.s.web.DefaultSecurityFilterChain.<init>(51) - Will secure Ant [pattern='/v1/api-docs'] with [] 
2021:11:18 13:04:18.161 [main] INFO  o.s.s.web.DefaultSecurityFilterChain.<init>(51) - Will secure any request with [org.springframework.security.web.context.request.async.WebAsyncManagerIntegrationFilter@133bb056, org.springframework.security.web.context.SecurityContextPersistenceFilter@147070d0, org.springframework.security.web.header.HeaderWriterFilter@9bf974d, org.springframework.security.web.authentication.logout.LogoutFilter@a90753e, org.springframework.security.web.authentication.UsernamePasswordAuthenticationFilter@7d5e1f38, org.springframework.security.web.savedrequest.RequestCacheAwareFilter@79017ad7, org.springframework.security.web.servletapi.SecurityContextHolderAwareRequestFilter@107332fe, org.springframework.security.web.authentication.AnonymousAuthenticationFilter@34c52303, org.springframework.security.web.session.SessionManagementFilter@7d18a390, org.springframework.security.web.access.ExceptionTranslationFilter@1be757f1, org.springframework.security.web.access.intercept.FilterSecurityInterceptor@3280595a] 
2021:11:18 13:04:18.688 [main] INFO  o.s.b.a.w.s.WelcomePageHandlerMapping.<init>(57) - Adding welcome page template: index 
2021:11:18 13:04:19.032 [main] INFO  o.a.coyote.http11.Http11NioProtocol.log(173) - Starting ProtocolHandler ["http-nio-6969"] 
2021:11:18 13:04:19.073 [main] INFO  o.s.b.w.e.tomcat.TomcatWebServer.start(220) - Tomcat started on port(s): 6969 (http) with context path '' 
2021:11:18 13:04:19.085 [main] INFO  c.p.G.GgDriveCloneApplication.logStarted(61) - Started GgDriveCloneApplication in 19.129 seconds (JVM running for 41.611) 
2021:11:18 13:05:14.045 [http-nio-6969-exec-1] INFO  o.a.c.c.C.[Tomcat].[localhost].[/].log(173) - Initializing Spring DispatcherServlet 'dispatcherServlet' 
2021:11:18 13:05:14.046 [http-nio-6969-exec-1] INFO  o.s.web.servlet.DispatcherServlet.initServletBean(525) - Initializing Servlet 'dispatcherServlet' 
2021:11:18 13:05:14.048 [http-nio-6969-exec-1] INFO  o.s.web.servlet.DispatcherServlet.initServletBean(547) - Completed initialization in 2 ms 
2021:11:18 13:05:14.231 [http-nio-6969-exec-1] WARN  o.a.c.util.SessionIdGeneratorBase.log(173) - Creation of SecureRandom instance for session ID generation using [SHA1PRNG] took [108] milliseconds. 
2021:11:18 14:10:25.065 [main] INFO  c.p.G.GgDriveCloneApplication.logStarting(55) - Starting GgDriveCloneApplication using Java 11.0.4 on RB064 with PID 6328 (C:\Users\SomeOne\Desktop\GGDriveClone\target\classes started by Nguyen Van Hoang in C:\Users\SomeOne\Desktop\GGDriveClone) 
2021:11:18 14:10:25.070 [main] INFO  c.p.G.GgDriveCloneApplication.logStartupProfileInfo(659) - No active profile set, falling back to default profiles: default 
2021:11:18 14:10:26.312 [main] INFO  o.s.d.r.c.RepositoryConfigurationDelegate.registerRepositoriesIn(132) - Bootstrapping Spring Data JPA repositories in DEFAULT mode. 
2021:11:18 14:10:26.416 [main] INFO  o.s.d.r.c.RepositoryConfigurationDelegate.registerRepositoriesIn(201) - Finished Spring Data repository scanning in 86 ms. Found 1 JPA repository interfaces. 
2021:11:18 14:10:27.488 [main] INFO  o.s.b.w.e.tomcat.TomcatWebServer.initialize(108) - Tomcat initialized with port(s): 6969 (http) 
2021:11:18 14:10:27.510 [main] INFO  o.a.coyote.http11.Http11NioProtocol.log(173) - Initializing ProtocolHandler ["http-nio-6969"] 
2021:11:18 14:10:27.511 [main] INFO  o.a.catalina.core.StandardService.log(173) - Starting service [Tomcat] 
2021:11:18 14:10:27.512 [main] INFO  o.a.catalina.core.StandardEngine.log(173) - Starting Servlet engine: [Apache Tomcat/9.0.54] 
2021:11:18 14:10:27.665 [main] INFO  o.a.c.c.C.[Tomcat].[localhost].[/].log(173) - Initializing Spring embedded WebApplicationContext 
2021:11:18 14:10:27.665 [main] INFO  o.s.b.w.s.c.ServletWebServerApplicationContext.prepareWebApplicationContext(290) - Root WebApplicationContext: initialization completed in 2491 ms 
2021:11:18 14:10:27.931 [main] INFO  com.zaxxer.hikari.HikariDataSource.getConnection(110) - HikariPool-1 - Starting... 
2021:11:18 14:10:27.940 [main] WARN  c.z.hikari.util.DriverDataSource.<init>(70) - Registered driver with driverClassName=com.mysql.jdbc.Driver was not found, trying direct instantiation. 
2021:11:18 14:10:28.232 [main] INFO  com.zaxxer.hikari.HikariDataSource.getConnection(123) - HikariPool-1 - Start completed. 
2021:11:18 14:10:28.832 [main] INFO  liquibase.lockservice.log(23) - Successfully acquired change log lock 
2021:11:18 14:10:29.472 [main] INFO  liquibase.changelog.log(23) - Reading from springboot_rabiloo.DATABASECHANGELOG 
2021:11:18 14:10:29.532 [main] INFO  liquibase.lockservice.log(23) - Successfully released change log lock 
2021:11:18 14:10:29.538 [main] INFO  liquibase.lockservice.log(23) - Successfully acquired change log lock 
2021:11:18 14:10:29.539 [main] WARN  liquibase.hub.log(23) - Skipping auto-registration 
2021:11:18 14:10:29.548 [main] INFO  liquibase.lockservice.log(23) - Successfully released change log lock 
2021:11:18 14:10:29.777 [main] INFO  o.h.jpa.internal.util.LogHelper.logPersistenceUnitInformation(31) - HHH000204: Processing PersistenceUnitInfo [name: default] 
2021:11:18 14:10:29.875 [main] INFO  org.hibernate.Version.logVersion(44) - HHH000412: Hibernate ORM core version 5.4.32.Final 
2021:11:18 14:10:30.092 [main] INFO  o.h.annotations.common.Version.<clinit>(56) - HCANN000001: Hibernate Commons Annotations {5.1.2.Final} 
2021:11:18 14:10:30.312 [main] INFO  org.hibernate.dialect.Dialect.<init>(175) - HHH000400: Using dialect: org.hibernate.dialect.MySQL57Dialect 
2021:11:18 14:10:31.181 [main] INFO  o.h.e.t.j.p.i.JtaPlatformInitiator.initiateService(52) - HHH000490: Using JtaPlatform implementation: [org.hibernate.engine.transaction.jta.platform.internal.NoJtaPlatform] 
2021:11:18 14:10:31.204 [main] INFO  o.s.o.j.LocalContainerEntityManagerFactoryBean.buildNativeEntityManagerFactory(437) - Initialized JPA EntityManagerFactory for persistence unit 'default' 
2021:11:18 14:10:31.838 [main] WARN  o.s.b.a.o.j.JpaBaseConfiguration$JpaWebConfiguration.openEntityManagerInViewInterceptor(219) - spring.jpa.open-in-view is enabled by default. Therefore, database queries may be performed during view rendering. Explicitly configure spring.jpa.open-in-view to disable this warning 
2021:11:18 14:10:32.013 [main] INFO  c.p.G.security.SecurityConfig.configure(42) - Enable application security. 
2021:11:18 14:10:32.031 [main] INFO  o.s.s.web.DefaultSecurityFilterChain.<init>(51) - Will secure Ant [pattern='/libs/**'] with [] 
2021:11:18 14:10:32.032 [main] INFO  o.s.s.web.DefaultSecurityFilterChain.<init>(51) - Will secure Ant [pattern='/static/custom/**'] with [] 
2021:11:18 14:10:32.033 [main] INFO  o.s.s.web.DefaultSecurityFilterChain.<init>(51) - Will secure Ant [pattern='/js/**'] with [] 
2021:11:18 14:10:32.033 [main] INFO  o.s.s.web.DefaultSecurityFilterChain.<init>(51) - Will secure Ant [pattern='/icon/**'] with [] 
2021:11:18 14:10:32.033 [main] INFO  o.s.s.web.DefaultSecurityFilterChain.<init>(51) - Will secure Ant [pattern='/images/**'] with [] 
2021:11:18 14:10:32.034 [main] INFO  o.s.s.web.DefaultSecurityFilterChain.<init>(51) - Will secure Ant [pattern='/favicon.ico/**'] with [] 
2021:11:18 14:10:32.034 [main] INFO  o.s.s.web.DefaultSecurityFilterChain.<init>(51) - Will secure Ant [pattern='/webjars/springfox-swagger-ui/**'] with [] 
2021:11:18 14:10:32.034 [main] INFO  o.s.s.web.DefaultSecurityFilterChain.<init>(51) - Will secure Ant [pattern='/swagger-ui.html/**'] with [] 
2021:11:18 14:10:32.035 [main] INFO  o.s.s.web.DefaultSecurityFilterChain.<init>(51) - Will secure Ant [pattern='/swagger-resources/**'] with [] 
2021:11:18 14:10:32.035 [main] INFO  o.s.s.web.DefaultSecurityFilterChain.<init>(51) - Will secure Ant [pattern='/v1/api-docs'] with [] 
2021:11:18 14:10:32.160 [main] INFO  o.s.s.web.DefaultSecurityFilterChain.<init>(51) - Will secure any request with [org.springframework.security.web.context.request.async.WebAsyncManagerIntegrationFilter@1a120e41, org.springframework.security.web.context.SecurityContextPersistenceFilter@45b4d2ff, org.springframework.security.web.header.HeaderWriterFilter@316745d8, org.springframework.security.web.authentication.logout.LogoutFilter@4cb37177, org.springframework.security.web.authentication.UsernamePasswordAuthenticationFilter@8e0b048, org.springframework.security.web.savedrequest.RequestCacheAwareFilter@340b7fca, org.springframework.security.web.servletapi.SecurityContextHolderAwareRequestFilter@488bf7cd, org.springframework.security.web.authentication.AnonymousAuthenticationFilter@17fd9fbb, org.springframework.security.web.session.SessionManagementFilter@2806c788, org.springframework.security.web.access.ExceptionTranslationFilter@757bbd02, org.springframework.security.web.access.intercept.FilterSecurityInterceptor@7d1f906b] 
2021:11:18 14:10:32.512 [main] INFO  o.s.b.a.w.s.WelcomePageHandlerMapping.<init>(57) - Adding welcome page template: index 
2021:11:18 14:10:32.797 [main] INFO  o.a.coyote.http11.Http11NioProtocol.log(173) - Starting ProtocolHandler ["http-nio-6969"] 
2021:11:18 14:10:32.842 [main] INFO  o.s.b.w.e.tomcat.TomcatWebServer.start(220) - Tomcat started on port(s): 6969 (http) with context path '' 
2021:11:18 14:10:32.854 [main] INFO  c.p.G.GgDriveCloneApplication.logStarted(61) - Started GgDriveCloneApplication in 8.853 seconds (JVM running for 14.657) 
2021:11:18 14:11:07.229 [main] INFO  c.p.G.GgDriveCloneApplication.logStarting(55) - Starting GgDriveCloneApplication using Java 11.0.4 on RB064 with PID 12252 (C:\Users\SomeOne\Desktop\GGDriveClone\target\classes started by Nguyen Van Hoang in C:\Users\SomeOne\Desktop\GGDriveClone) 
2021:11:18 14:11:07.235 [main] INFO  c.p.G.GgDriveCloneApplication.logStartupProfileInfo(659) - No active profile set, falling back to default profiles: default 
2021:11:18 14:11:08.576 [main] INFO  o.s.d.r.c.RepositoryConfigurationDelegate.registerRepositoriesIn(132) - Bootstrapping Spring Data JPA repositories in DEFAULT mode. 
2021:11:18 14:11:08.730 [main] INFO  o.s.d.r.c.RepositoryConfigurationDelegate.registerRepositoriesIn(201) - Finished Spring Data repository scanning in 140 ms. Found 1 JPA repository interfaces. 
2021:11:18 14:11:10.726 [main] INFO  o.s.b.w.e.tomcat.TomcatWebServer.initialize(108) - Tomcat initialized with port(s): 3000 (http) 
2021:11:18 14:11:10.753 [main] INFO  o.a.coyote.http11.Http11NioProtocol.log(173) - Initializing ProtocolHandler ["http-nio-3000"] 
2021:11:18 14:11:10.757 [main] INFO  o.a.catalina.core.StandardService.log(173) - Starting service [Tomcat] 
2021:11:18 14:11:10.758 [main] INFO  o.a.catalina.core.StandardEngine.log(173) - Starting Servlet engine: [Apache Tomcat/9.0.54] 
2021:11:18 14:11:11.016 [main] INFO  o.a.c.c.C.[Tomcat].[localhost].[/].log(173) - Initializing Spring embedded WebApplicationContext 
2021:11:18 14:11:11.016 [main] INFO  o.s.b.w.s.c.ServletWebServerApplicationContext.prepareWebApplicationContext(290) - Root WebApplicationContext: initialization completed in 3652 ms 
2021:11:18 14:11:11.207 [main] INFO  com.zaxxer.hikari.HikariDataSource.getConnection(110) - HikariPool-1 - Starting... 
2021:11:18 14:11:11.217 [main] WARN  c.z.hikari.util.DriverDataSource.<init>(70) - Registered driver with driverClassName=com.mysql.jdbc.Driver was not found, trying direct instantiation. 
2021:11:18 14:11:11.452 [main] INFO  com.zaxxer.hikari.HikariDataSource.getConnection(123) - HikariPool-1 - Start completed. 
2021:11:18 14:11:11.966 [main] INFO  liquibase.lockservice.log(23) - Successfully acquired change log lock 
2021:11:18 14:11:12.481 [main] INFO  liquibase.changelog.log(23) - Reading from springboot_rabiloo.DATABASECHANGELOG 
2021:11:18 14:11:12.536 [main] INFO  liquibase.lockservice.log(23) - Successfully released change log lock 
2021:11:18 14:11:12.541 [main] INFO  liquibase.lockservice.log(23) - Successfully acquired change log lock 
2021:11:18 14:11:12.542 [main] WARN  liquibase.hub.log(23) - Skipping auto-registration 
2021:11:18 14:11:12.551 [main] INFO  liquibase.lockservice.log(23) - Successfully released change log lock 
2021:11:18 14:11:12.796 [main] INFO  o.h.jpa.internal.util.LogHelper.logPersistenceUnitInformation(31) - HHH000204: Processing PersistenceUnitInfo [name: default] 
2021:11:18 14:11:12.871 [main] INFO  org.hibernate.Version.logVersion(44) - HHH000412: Hibernate ORM core version 5.4.32.Final 
2021:11:18 14:11:13.071 [main] INFO  o.h.annotations.common.Version.<clinit>(56) - HCANN000001: Hibernate Commons Annotations {5.1.2.Final} 
2021:11:18 14:11:13.243 [main] INFO  org.hibernate.dialect.Dialect.<init>(175) - HHH000400: Using dialect: org.hibernate.dialect.MySQL57Dialect 
2021:11:18 14:11:14.051 [main] INFO  o.h.e.t.j.p.i.JtaPlatformInitiator.initiateService(52) - HHH000490: Using JtaPlatform implementation: [org.hibernate.engine.transaction.jta.platform.internal.NoJtaPlatform] 
2021:11:18 14:11:14.070 [main] INFO  o.s.o.j.LocalContainerEntityManagerFactoryBean.buildNativeEntityManagerFactory(437) - Initialized JPA EntityManagerFactory for persistence unit 'default' 
2021:11:18 14:11:14.668 [main] WARN  o.s.b.a.o.j.JpaBaseConfiguration$JpaWebConfiguration.openEntityManagerInViewInterceptor(219) - spring.jpa.open-in-view is enabled by default. Therefore, database queries may be performed during view rendering. Explicitly configure spring.jpa.open-in-view to disable this warning 
2021:11:18 14:11:14.870 [main] INFO  c.p.G.security.SecurityConfig.configure(42) - Enable application security. 
2021:11:18 14:11:14.894 [main] INFO  o.s.s.web.DefaultSecurityFilterChain.<init>(51) - Will secure Ant [pattern='/libs/**'] with [] 
2021:11:18 14:11:14.895 [main] INFO  o.s.s.web.DefaultSecurityFilterChain.<init>(51) - Will secure Ant [pattern='/static/custom/**'] with [] 
2021:11:18 14:11:14.895 [main] INFO  o.s.s.web.DefaultSecurityFilterChain.<init>(51) - Will secure Ant [pattern='/js/**'] with [] 
2021:11:18 14:11:14.896 [main] INFO  o.s.s.web.DefaultSecurityFilterChain.<init>(51) - Will secure Ant [pattern='/icon/**'] with [] 
2021:11:18 14:11:14.896 [main] INFO  o.s.s.web.DefaultSecurityFilterChain.<init>(51) - Will secure Ant [pattern='/images/**'] with [] 
2021:11:18 14:11:14.897 [main] INFO  o.s.s.web.DefaultSecurityFilterChain.<init>(51) - Will secure Ant [pattern='/favicon.ico/**'] with [] 
2021:11:18 14:11:14.898 [main] INFO  o.s.s.web.DefaultSecurityFilterChain.<init>(51) - Will secure Ant [pattern='/webjars/springfox-swagger-ui/**'] with [] 
2021:11:18 14:11:14.898 [main] INFO  o.s.s.web.DefaultSecurityFilterChain.<init>(51) - Will secure Ant [pattern='/swagger-ui.html/**'] with [] 
2021:11:18 14:11:14.898 [main] INFO  o.s.s.web.DefaultSecurityFilterChain.<init>(51) - Will secure Ant [pattern='/swagger-resources/**'] with [] 
2021:11:18 14:11:14.899 [main] INFO  o.s.s.web.DefaultSecurityFilterChain.<init>(51) - Will secure Ant [pattern='/v1/api-docs'] with [] 
2021:11:18 14:11:14.968 [main] INFO  o.s.s.web.DefaultSecurityFilterChain.<init>(51) - Will secure any request with [org.springframework.security.web.context.request.async.WebAsyncManagerIntegrationFilter@1b78c34b, org.springframework.security.web.context.SecurityContextPersistenceFilter@2d6161b9, org.springframework.security.web.header.HeaderWriterFilter@4d248692, org.springframework.security.web.authentication.logout.LogoutFilter@7ba5d307, org.springframework.security.web.authentication.UsernamePasswordAuthenticationFilter@743167c7, org.springframework.security.web.savedrequest.RequestCacheAwareFilter@79b9dfcd, org.springframework.security.web.servletapi.SecurityContextHolderAwareRequestFilter@42b4cce1, org.springframework.security.web.authentication.AnonymousAuthenticationFilter@640890bc, org.springframework.security.web.session.SessionManagementFilter@57f076bd, org.springframework.security.web.access.ExceptionTranslationFilter@7e1f88e2, org.springframework.security.web.access.intercept.FilterSecurityInterceptor@2aaf7354] 
2021:11:18 14:11:15.317 [main] INFO  o.s.b.a.w.s.WelcomePageHandlerMapping.<init>(57) - Adding welcome page template: index 
2021:11:18 14:11:15.571 [main] INFO  o.a.coyote.http11.Http11NioProtocol.log(173) - Starting ProtocolHandler ["http-nio-3000"] 
2021:11:18 14:11:15.606 [main] INFO  o.s.b.w.e.tomcat.TomcatWebServer.start(220) - Tomcat started on port(s): 3000 (http) with context path '' 
2021:11:18 14:11:15.618 [main] INFO  c.p.G.GgDriveCloneApplication.logStarted(61) - Started GgDriveCloneApplication in 9.128 seconds (JVM running for 12.277) 
2021:11:18 14:12:32.185 [http-nio-3000-exec-1] INFO  o.a.c.c.C.[Tomcat].[localhost].[/].log(173) - Initializing Spring DispatcherServlet 'dispatcherServlet' 
2021:11:18 14:12:32.186 [http-nio-3000-exec-1] INFO  o.s.web.servlet.DispatcherServlet.initServletBean(525) - Initializing Servlet 'dispatcherServlet' 
2021:11:18 14:12:32.188 [http-nio-3000-exec-1] INFO  o.s.web.servlet.DispatcherServlet.initServletBean(547) - Completed initialization in 2 ms 
2021:11:18 14:12:32.340 [http-nio-3000-exec-1] WARN  o.a.c.util.SessionIdGeneratorBase.log(173) - Creation of SecureRandom instance for session ID generation using [SHA1PRNG] took [102] milliseconds. 
